Added Component: Designator=C1(Capacitor .68uF)
Add component. Clean all parameters for all variants
Added Component: Designator=C2(Capacitor .68uF)
Add component. Clean all parameters for all variants
Added Component: Designator=C3(Capacitor 4700uF 450V RIFA)
Add component. Clean all parameters for all variants
Added Component: Designator=PH1(PinHead2)
Add component. Clean all parameters for all variants
Added Component: Designator=PH2(PinHead2)
Add component. Clean all parameters for all variants
Added Component: Designator=PH3(P. In for 4700uF 450V Cap)
Add component. Clean all parameters for all variants
Added Component: Designator=PH4(P. In for 4700uF 450V Cap)
Add component. Clean all parameters for all variants
Added Component: Designator=Q1(IRFP460)
Add component. Clean all parameters for all variants
Added Component: Designator=Q2(IRFP460)
Add component. Clean all parameters for all variants
Added Component: Designator=R1(Resistor Axial 0.4)
Add component. Clean all parameters for all variants
Added Component: Designator=R2(Resistor Axial 0.4)
Add component. Clean all parameters for all variants
Added Component: Designator=R?(Resistor Axial 0.9(3W))
Add component. Clean all parameters for all variants
Added Pin To Net: NetName=GND Pin=C2-1
Added Pin To Net: NetName=GND Pin=C3-1
Added Pin To Net: NetName=GND Pin=PH2-1
Added Pin To Net: NetName=GND Pin=PH3-1
Added Pin To Net: NetName=GND Pin=Q2-S
Added Pin To Net: NetName=GND Pin=R?-1
Added Net: Name=GND
Added Pin To Net: NetName=NetC1_1 Pin=C1-1
Added Pin To Net: NetName=NetC1_1 Pin=C2-2
Added Pin To Net: NetName=NetC1_1 Pin=PH4-2
Added Net: Name=NetC1_1
Added Pin To Net: NetName=NetPH1_1 Pin=PH1-1
Added Pin To Net: NetName=NetPH1_1 Pin=PH4-1
Added Pin To Net: NetName=NetPH1_1 Pin=Q1-S
Added Pin To Net: NetName=NetPH1_1 Pin=Q2-D
Added Net: Name=NetPH1_1
Added Pin To Net: NetName=NetPH1_2 Pin=PH1-2
Added Pin To Net: NetName=NetPH1_2 Pin=R1-1
Added Net: Name=NetPH1_2
Added Pin To Net: NetName=NetPH2_2 Pin=PH2-2
Added Pin To Net: NetName=NetPH2_2 Pin=R2-1
Added Net: Name=NetPH2_2
Added Pin To Net: NetName=NetQ1_G Pin=Q1-G
Added Pin To Net: NetName=NetQ1_G Pin=R1-2
Added Net: Name=NetQ1_G
Added Pin To Net: NetName=NetQ2_G Pin=Q2-G
Added Pin To Net: NetName=NetQ2_G Pin=R2-2
Added Net: Name=NetQ2_G
Added Pin To Net: NetName=VCC Pin=C1-2
Added Pin To Net: NetName=VCC Pin=C3-2
Added Pin To Net: NetName=VCC Pin=PH3-2
Added Pin To Net: NetName=VCC Pin=Q1-D
Added Pin To Net: NetName=VCC Pin=R?-2
Added Net: Name=VCC
Added Class: Name=Sheet1
Added Room: Name=Sheet1
